[2019-12-23T23:59:37.426] [INFO] myApp - INFO Element Found
[2019-12-23T23:59:37.623] [INFO] myApp - PASS Enter 4 in first Name
[2019-12-24T00:00:57.204] [INFO] myApp - INFO Element Found
[2019-12-24T00:00:57.351] [INFO] myApp - PASS Enter 4 in first Name
[2019-12-24T00:00:57.392] [INFO] myApp - INFO Element Found
[2019-12-24T00:00:57.499] [INFO] myApp - PASS Enter 5 in last Name
[2019-12-24T00:00:57.552] [INFO] myApp - INFO Element Found
[2019-12-24T00:00:58.040] [INFO] myApp - PASS Click on Add  button
[2019-12-24T09:25:05.426] [INFO] myApp - INFO Element Found
[2019-12-24T09:25:05.537] [INFO] myApp - PASS Enter 4 in first Name
[2019-12-24T09:25:05.580] [INFO] myApp - INFO Element Found
[2019-12-24T09:25:05.695] [INFO] myApp - PASS Enter 5 in last Name
[2019-12-24T09:25:05.753] [INFO] myApp - INFO Element Found
[2019-12-24T09:25:06.084] [INFO] myApp - PASS Click on Add  button
[2019-12-24T09:25:07.946] [INFO] myApp - INFO Element Found
[2019-12-24T09:25:08.013] [INFO] myApp - PASS Enter 4 in first Name
[2019-12-24T09:25:08.047] [INFO] myApp - INFO Element Found
[2019-12-24T09:25:08.105] [INFO] myApp - PASS Enter 5 in last Name
[2019-12-24T09:25:08.144] [INFO] myApp - INFO Element Found
[2019-12-24T09:25:08.237] [INFO] myApp - PASS Click on Add  button
[2019-12-24T11:55:54.263] [INFO] myApp - INFO Element Found
[2019-12-24T11:55:54.415] [INFO] myApp - PASS Enter 4 in first Name
[2019-12-24T11:55:54.508] [INFO] myApp - INFO Element Found
[2019-12-24T11:55:54.609] [INFO] myApp - PASS Enter 5 in last Name
[2019-12-24T11:55:56.057] [INFO] myApp - INFO Element Found
[2019-12-24T11:55:56.148] [INFO] myApp - PASS Enter 4 in first Name
[2019-12-24T11:55:56.200] [INFO] myApp - INFO Element Found
[2019-12-24T11:55:56.295] [INFO] myApp - PASS Enter 5 in last Name
[2019-12-24T11:56:53.460] [INFO] myApp - INFO Element Found
[2019-12-24T11:56:53.645] [INFO] myApp - PASS Enter 4 in first Name
[2019-12-24T11:56:53.686] [INFO] myApp - INFO Element Found
[2019-12-24T11:56:53.762] [INFO] myApp - PASS Enter 5 in last Name
[2019-12-24T11:56:53.825] [INFO] myApp - INFO Element Found
[2019-12-24T11:56:54.204] [INFO] myApp - PASS Click on Add  button
[2019-12-24T11:56:56.068] [INFO] myApp - INFO Element Found
[2019-12-24T11:56:56.136] [INFO] myApp - PASS Enter 4 in first Name
[2019-12-24T11:56:56.173] [INFO] myApp - INFO Element Found
[2019-12-24T11:56:56.242] [INFO] myApp - PASS Enter 5 in last Name
[2019-12-24T11:56:56.280] [INFO] myApp - INFO Element Found
[2019-12-24T11:56:56.377] [INFO] myApp - PASS Click on Add  button
[2019-12-24T11:56:58.249] [INFO] myApp - INFO Element Found
[2019-12-24T11:56:58.332] [INFO] myApp - PASS Enter 4 in first Name
[2019-12-24T11:56:58.374] [INFO] myApp - INFO Element Found
[2019-12-24T11:56:58.440] [INFO] myApp - PASS Enter 5 in last Name
[2019-12-24T11:56:59.578] [INFO] myApp - INFO Element Found
[2019-12-24T11:56:59.636] [INFO] myApp - PASS Enter 4 in first Name
[2019-12-24T11:56:59.684] [INFO] myApp - INFO Element Found
[2019-12-24T11:56:59.789] [INFO] myApp - PASS Enter 5 in last Name
[2019-12-24T11:58:39.866] [INFO] myApp - INFO Element Found
[2019-12-24T11:58:40.036] [INFO] myApp - PASS Enter 4 in first Name
[2019-12-24T11:58:40.074] [INFO] myApp - INFO Element Found
[2019-12-24T11:58:40.159] [INFO] myApp - PASS Enter 5 in last Name
[2019-12-24T11:58:40.212] [INFO] myApp - INFO Element Found
[2019-12-24T11:58:40.584] [INFO] myApp - PASS Click on Add  button
[2019-12-24T11:58:42.439] [INFO] myApp - INFO Element Found
[2019-12-24T11:58:42.502] [INFO] myApp - PASS Enter 4 in first Name
[2019-12-24T11:58:42.541] [INFO] myApp - INFO Element Found
[2019-12-24T11:58:42.605] [INFO] myApp - PASS Enter 5 in last Name
[2019-12-24T11:58:42.649] [INFO] myApp - INFO Element Found
[2019-12-24T11:58:42.740] [INFO] myApp - PASS Click on Add  button
[2019-12-24T11:58:44.579] [INFO] myApp - INFO Element Found
[2019-12-24T11:58:44.690] [INFO] myApp - PASS Enter 4 in first Name
[2019-12-24T11:58:44.743] [INFO] myApp - INFO Element Found
[2019-12-24T11:58:44.862] [INFO] myApp - PASS Enter 5 in last Name
[2019-12-24T11:58:45.307] [INFO] myApp - INFO Element Found
[2019-12-24T11:58:45.409] [INFO] myApp - PASS Click on Subtract  button
[2019-12-24T11:58:47.320] [INFO] myApp - INFO Element Found
[2019-12-24T11:58:47.394] [INFO] myApp - PASS Enter 4 in first Name
[2019-12-24T11:58:47.445] [INFO] myApp - INFO Element Found
[2019-12-24T11:58:47.566] [INFO] myApp - PASS Enter 5 in last Name
[2019-12-24T11:58:47.783] [INFO] myApp - INFO Element Found
[2019-12-24T11:58:47.900] [INFO] myApp - PASS Click on Subtract  button
[2019-12-24T11:59:37.969] [INFO] myApp - INFO Element Found
[2019-12-24T11:59:38.084] [INFO] myApp - PASS Enter 4 in first Name
[2019-12-24T11:59:38.127] [INFO] myApp - INFO Element Found
[2019-12-24T11:59:38.224] [INFO] myApp - PASS Enter 5 in last Name
[2019-12-24T11:59:38.295] [INFO] myApp - INFO Element Found
[2019-12-24T11:59:38.617] [INFO] myApp - PASS Click on Add  button
[2019-12-24T11:59:40.469] [INFO] myApp - INFO Element Found
[2019-12-24T11:59:40.549] [INFO] myApp - PASS Enter 4 in first Name
[2019-12-24T11:59:40.592] [INFO] myApp - INFO Element Found
[2019-12-24T11:59:40.697] [INFO] myApp - PASS Enter 5 in last Name
[2019-12-24T11:59:40.874] [INFO] myApp - INFO Element Found
[2019-12-24T11:59:41.139] [INFO] myApp - PASS Click on Add  button
[2019-12-24T11:59:43.046] [INFO] myApp - INFO Element Found
[2019-12-24T11:59:43.141] [INFO] myApp - PASS Enter 4 in first Name
[2019-12-24T11:59:43.226] [INFO] myApp - INFO Element Found
[2019-12-24T11:59:43.347] [INFO] myApp - PASS Enter 5 in last Name
[2019-12-24T11:59:43.577] [INFO] myApp - INFO Element Found
[2019-12-24T11:59:43.696] [INFO] myApp - PASS Click on Subtract  button
[2019-12-24T11:59:45.606] [INFO] myApp - INFO Element Found
[2019-12-24T11:59:45.663] [INFO] myApp - PASS Enter 4 in first Name
[2019-12-24T11:59:45.719] [INFO] myApp - INFO Element Found
[2019-12-24T11:59:45.785] [INFO] myApp - PASS Enter 5 in last Name
[2019-12-24T11:59:45.900] [INFO] myApp - INFO Element Found
[2019-12-24T11:59:45.982] [INFO] myApp - PASS Click on Subtract  button
[2019-12-24T12:09:49.636] [INFO] myApp - INFO Element Found
[2019-12-24T12:09:49.885] [INFO] myApp - PASS Enter 4 in first Name
[2019-12-24T12:09:50.015] [INFO] myApp - INFO Element Found
[2019-12-24T12:09:50.204] [INFO] myApp - PASS Enter 5 in last Name
[2019-12-24T12:09:50.331] [INFO] myApp - INFO Element Found
[2019-12-24T12:09:50.537] [INFO] myApp - PASS Click on Add  button
[2019-12-24T12:09:52.421] [INFO] myApp - INFO Element Found
[2019-12-24T12:09:52.521] [INFO] myApp - PASS Enter 4 in first Name
[2019-12-24T12:09:52.620] [INFO] myApp - INFO Element Found
[2019-12-24T12:09:52.681] [INFO] myApp - PASS Enter 5 in last Name
[2019-12-24T12:09:52.770] [INFO] myApp - INFO Element Found
[2019-12-24T12:09:52.913] [INFO] myApp - PASS Click on Add  button
[2019-12-24T12:09:54.781] [INFO] myApp - INFO Element Found
[2019-12-24T12:09:54.851] [INFO] myApp - PASS Enter 4 in first Name
[2019-12-24T12:09:54.894] [INFO] myApp - INFO Element Found
[2019-12-24T12:09:54.976] [INFO] myApp - PASS Enter 5 in last Name
[2019-12-24T12:09:55.126] [INFO] myApp - INFO Element Found
[2019-12-24T12:09:55.199] [INFO] myApp - PASS Click on Subtract  button
[2019-12-24T12:09:57.084] [INFO] myApp - INFO Element Found
[2019-12-24T12:09:57.156] [INFO] myApp - PASS Enter 4 in first Name
[2019-12-24T12:09:57.198] [INFO] myApp - INFO Element Found
[2019-12-24T12:09:57.270] [INFO] myApp - PASS Enter 5 in last Name
[2019-12-24T12:09:57.383] [INFO] myApp - INFO Element Found
[2019-12-24T12:09:57.469] [INFO] myApp - PASS Click on Subtract  button
[2019-12-24T13:57:11.590] [INFO] myApp - INFO Element Found
[2019-12-24T13:57:14.117] [INFO] myApp - INFO Element Found
[2019-12-24T23:58:34.586] [INFO] myApp - INFO Element Found
[2019-12-24T23:58:36.183] [INFO] myApp - INFO Element Found
[2019-12-24T23:59:57.936] [INFO] myApp - INFO Element Found
[2019-12-24T23:59:58.141] [INFO] myApp - PASS Enter 4 in first Name
[2019-12-24T23:59:58.185] [INFO] myApp - INFO Element Found
[2019-12-24T23:59:58.268] [INFO] myApp - PASS Enter 5 in last Name
[2019-12-24T23:59:58.317] [INFO] myApp - INFO Element Found
[2019-12-24T23:59:58.874] [INFO] myApp - PASS Click on Add  button
[2019-12-25T00:00:00.849] [INFO] myApp - INFO Element Found
[2019-12-25T00:00:00.916] [INFO] myApp - PASS Enter 4 in first Name
[2019-12-25T00:00:00.978] [INFO] myApp - INFO Element Found
[2019-12-25T00:00:01.063] [INFO] myApp - PASS Enter 5 in last Name
[2019-12-25T00:00:01.114] [INFO] myApp - INFO Element Found
[2019-12-25T00:00:01.387] [INFO] myApp - PASS Click on Add  button
[2019-12-25T00:00:03.299] [INFO] myApp - INFO Element Found
[2019-12-25T00:00:03.409] [INFO] myApp - PASS Enter 4 in first Name
[2019-12-25T00:00:03.458] [INFO] myApp - INFO Element Found
[2019-12-25T00:00:03.535] [INFO] myApp - PASS Enter 5 in last Name
[2019-12-25T00:00:03.838] [INFO] myApp - INFO Element Found
[2019-12-25T00:00:03.927] [INFO] myApp - PASS Click on Subtract  button
[2019-12-25T00:00:05.869] [INFO] myApp - INFO Element Found
[2019-12-25T00:00:05.932] [INFO] myApp - PASS Enter 4 in first Name
[2019-12-25T00:00:05.975] [INFO] myApp - INFO Element Found
[2019-12-25T00:00:06.032] [INFO] myApp - PASS Enter 5 in last Name
[2019-12-25T00:00:06.143] [INFO] myApp - INFO Element Found
[2019-12-25T00:00:06.209] [INFO] myApp - PASS Click on Subtract  button
[2019-12-25T00:14:25.340] [INFO] myApp - INFO Element Found
[2019-12-25T00:14:25.444] [INFO] myApp - PASS Enter 4 in first Name
[2019-12-25T00:14:25.482] [INFO] myApp - INFO Element Found
[2019-12-25T00:14:25.558] [INFO] myApp - PASS Enter 5 in last Name
[2019-12-25T00:14:25.623] [INFO] myApp - INFO Element Found
[2019-12-25T00:14:25.998] [INFO] myApp - PASS Click on Add  button
[2019-12-25T00:14:27.903] [INFO] myApp - INFO Element Found
[2019-12-25T00:14:27.987] [INFO] myApp - PASS Enter 4 in first Name
[2019-12-25T00:14:28.068] [INFO] myApp - INFO Element Found
[2019-12-25T00:14:28.206] [INFO] myApp - PASS Enter 5 in last Name
[2019-12-25T00:14:28.282] [INFO] myApp - INFO Element Found
[2019-12-25T00:14:28.512] [INFO] myApp - PASS Click on Add  button
[2019-12-25T00:14:30.387] [INFO] myApp - INFO Element Found
[2019-12-25T00:14:30.486] [INFO] myApp - PASS Enter 4 in first Name
[2019-12-25T00:14:30.535] [INFO] myApp - INFO Element Found
[2019-12-25T00:14:30.648] [INFO] myApp - PASS Enter 5 in last Name
[2019-12-25T00:14:30.855] [INFO] myApp - INFO Element Found
[2019-12-25T00:14:30.965] [INFO] myApp - PASS Click on Subtract  button
[2019-12-25T00:14:32.885] [INFO] myApp - INFO Element Found
[2019-12-25T00:14:32.945] [INFO] myApp - PASS Enter 4 in first Name
[2019-12-25T00:14:32.989] [INFO] myApp - INFO Element Found
[2019-12-25T00:14:33.056] [INFO] myApp - PASS Enter 5 in last Name
[2019-12-25T00:14:33.194] [INFO] myApp - INFO Element Found
[2019-12-25T00:14:33.273] [INFO] myApp - PASS Click on Subtract  button
[2019-12-25T07:59:11.867] [INFO] myApp - INFO Element Found
[2019-12-25T07:59:11.993] [INFO] myApp - PASS Enter 4 in first Name
[2019-12-25T07:59:12.035] [INFO] myApp - INFO Element Found
[2019-12-25T07:59:12.117] [INFO] myApp - PASS Enter 5 in last Name
[2019-12-25T07:59:12.169] [INFO] myApp - INFO Element Found
[2019-12-25T07:59:12.556] [INFO] myApp - PASS Click on Add  button
[2019-12-25T07:59:14.400] [INFO] myApp - INFO Element Found
[2019-12-25T07:59:14.474] [INFO] myApp - PASS Enter 4 in first Name
[2019-12-25T07:59:14.522] [INFO] myApp - INFO Element Found
[2019-12-25T07:59:14.602] [INFO] myApp - PASS Enter 5 in last Name
[2019-12-25T07:59:14.654] [INFO] myApp - INFO Element Found
[2019-12-25T07:59:14.935] [INFO] myApp - PASS Click on Add  button
[2019-12-25T07:59:16.813] [INFO] myApp - INFO Element Found
[2019-12-25T07:59:16.921] [INFO] myApp - PASS Enter 4 in first Name
[2019-12-25T07:59:16.973] [INFO] myApp - INFO Element Found
[2019-12-25T07:59:17.065] [INFO] myApp - PASS Enter 5 in last Name
[2019-12-25T07:59:17.313] [INFO] myApp - INFO Element Found
[2019-12-25T07:59:17.431] [INFO] myApp - PASS Click on Subtract  button
[2019-12-25T07:59:19.315] [INFO] myApp - INFO Element Found
[2019-12-25T07:59:19.378] [INFO] myApp - PASS Enter 4 in first Name
[2019-12-25T07:59:19.427] [INFO] myApp - INFO Element Found
[2019-12-25T07:59:19.505] [INFO] myApp - PASS Enter 5 in last Name
[2019-12-25T07:59:19.645] [INFO] myApp - INFO Element Found
[2019-12-25T07:59:19.740] [INFO] myApp - PASS Click on Subtract  button
[2019-12-25T08:04:41.057] [INFO] myApp - INFO Element Found
[2019-12-25T08:04:41.374] [INFO] myApp - PASS Enter 4 in first Name
[2019-12-25T08:04:41.456] [INFO] myApp - INFO Element Found
[2019-12-25T08:04:41.603] [INFO] myApp - PASS Enter 5 in last Name
[2019-12-25T08:04:41.674] [INFO] myApp - INFO Element Found
[2019-12-25T08:04:41.892] [INFO] myApp - PASS Click on Add  button
[2019-12-25T08:04:43.780] [INFO] myApp - INFO Element Found
[2019-12-25T08:04:43.869] [INFO] myApp - PASS Enter 4 in first Name
[2019-12-25T08:04:43.912] [INFO] myApp - INFO Element Found
[2019-12-25T08:04:43.987] [INFO] myApp - PASS Enter 5 in last Name
[2019-12-25T08:04:44.038] [INFO] myApp - INFO Element Found
[2019-12-25T08:04:44.144] [INFO] myApp - PASS Click on Add  button
[2019-12-25T08:04:46.094] [INFO] myApp - INFO Element Found
[2019-12-25T08:04:46.195] [INFO] myApp - PASS Enter 4 in first Name
[2019-12-25T08:04:46.250] [INFO] myApp - INFO Element Found
[2019-12-25T08:04:46.345] [INFO] myApp - PASS Enter 5 in last Name
[2019-12-25T08:04:46.604] [INFO] myApp - INFO Element Found
[2019-12-25T08:04:46.765] [INFO] myApp - PASS Click on Subtract  button
[2019-12-25T08:04:48.678] [INFO] myApp - INFO Element Found
[2019-12-25T08:04:48.738] [INFO] myApp - PASS Enter 4 in first Name
[2019-12-25T08:04:48.787] [INFO] myApp - INFO Element Found
[2019-12-25T08:04:48.849] [INFO] myApp - PASS Enter 5 in last Name
[2019-12-25T08:04:48.971] [INFO] myApp - INFO Element Found
[2019-12-25T08:04:49.049] [INFO] myApp - PASS Click on Subtract  button
[2019-12-25T08:07:21.011] [INFO] myApp - INFO Element Found
[2019-12-25T08:07:21.187] [INFO] myApp - PASS Enter 4 in first Name
[2019-12-25T08:07:21.231] [INFO] myApp - INFO Element Found
[2019-12-25T08:07:21.536] [INFO] myApp - PASS Enter 5 in last Name
[2019-12-25T08:07:21.601] [INFO] myApp - INFO Element Found
[2019-12-25T08:07:22.017] [INFO] myApp - PASS Click on Add  button
[2019-12-25T08:07:23.924] [INFO] myApp - INFO Element Found
[2019-12-25T08:07:24.023] [INFO] myApp - PASS Enter 4 in first Name
[2019-12-25T08:07:24.075] [INFO] myApp - INFO Element Found
[2019-12-25T08:07:24.142] [INFO] myApp - PASS Enter 5 in last Name
[2019-12-25T08:07:24.252] [INFO] myApp - INFO Element Found
[2019-12-25T08:07:24.372] [INFO] myApp - PASS Click on Add  button
[2019-12-25T08:07:26.274] [INFO] myApp - INFO Element Found
[2019-12-25T08:07:26.419] [INFO] myApp - PASS Enter 4 in first Name
[2019-12-25T08:07:26.462] [INFO] myApp - INFO Element Found
[2019-12-25T08:07:26.582] [INFO] myApp - PASS Enter 5 in last Name
[2019-12-25T08:07:26.800] [INFO] myApp - INFO Element Found
[2019-12-25T08:07:26.945] [INFO] myApp - PASS Click on Subtract  button
[2019-12-25T08:07:28.850] [INFO] myApp - INFO Element Found
[2019-12-25T08:07:28.916] [INFO] myApp - PASS Enter 4 in first Name
[2019-12-25T08:07:28.953] [INFO] myApp - INFO Element Found
[2019-12-25T08:07:29.037] [INFO] myApp - PASS Enter 5 in last Name
[2019-12-25T08:07:29.185] [INFO] myApp - INFO Element Found
[2019-12-25T08:07:29.276] [INFO] myApp - PASS Click on Subtract  button
[2019-12-25T10:13:47.580] [INFO] myApp - INFO Element Found
[2019-12-25T10:13:47.689] [INFO] myApp - PASS Enter 4 in first Name
[2019-12-25T10:13:47.735] [INFO] myApp - INFO Element Found
[2019-12-25T10:13:47.855] [INFO] myApp - PASS Enter 5 in last Name
[2019-12-25T10:13:47.952] [INFO] myApp - INFO Element Found
[2019-12-25T10:13:48.840] [INFO] myApp - PASS Click on Add  button
[2019-12-25T10:13:50.732] [INFO] myApp - INFO Element Found
[2019-12-25T10:13:50.827] [INFO] myApp - PASS Enter 4 in first Name
[2019-12-25T10:13:50.898] [INFO] myApp - INFO Element Found
[2019-12-25T10:13:50.997] [INFO] myApp - PASS Enter 5 in last Name
[2019-12-25T10:13:51.051] [INFO] myApp - INFO Element Found
[2019-12-25T10:13:51.411] [INFO] myApp - PASS Click on Add  button
[2019-12-25T11:00:00.148] [INFO] myApp - INFO Element Found
[2019-12-25T11:00:00.387] [INFO] myApp - PASS Enter 4 in first Name
[2019-12-25T11:00:00.430] [INFO] myApp - INFO Element Found
[2019-12-25T11:00:00.619] [INFO] myApp - PASS Enter 5 in last Name
[2019-12-25T11:00:00.676] [INFO] myApp - INFO Element Found
[2019-12-25T11:00:01.466] [INFO] myApp - PASS Click on Add  button
[2019-12-25T11:00:03.332] [INFO] myApp - INFO Element Found
[2019-12-25T11:00:03.414] [INFO] myApp - PASS Enter 4 in first Name
[2019-12-25T11:00:03.465] [INFO] myApp - INFO Element Found
[2019-12-25T11:00:03.543] [INFO] myApp - PASS Enter 5 in last Name
[2019-12-25T11:00:03.594] [INFO] myApp - INFO Element Found
[2019-12-25T11:00:03.741] [INFO] myApp - PASS Click on Add  button
[2019-12-25T11:00:05.704] [INFO] myApp - INFO Element Found
[2019-12-25T11:00:05.837] [INFO] myApp - PASS Enter 4 in first Name
[2019-12-25T11:00:05.891] [INFO] myApp - INFO Element Found
[2019-12-25T11:00:05.978] [INFO] myApp - PASS Enter 5 in last Name
[2019-12-25T11:00:06.281] [INFO] myApp - INFO Element Found
[2019-12-25T11:00:06.422] [INFO] myApp - PASS Click on Subtract  button
[2019-12-25T11:00:08.384] [INFO] myApp - INFO Element Found
[2019-12-25T11:00:08.480] [INFO] myApp - PASS Enter 4 in first Name
[2019-12-25T11:00:08.542] [INFO] myApp - INFO Element Found
[2019-12-25T11:00:08.663] [INFO] myApp - PASS Enter 5 in last Name
[2019-12-25T11:00:08.903] [INFO] myApp - INFO Element Found
[2019-12-25T11:00:09.031] [INFO] myApp - PASS Click on Subtract  button
[2019-12-25T11:14:24.737] [INFO] myApp - INFO Element Found
[2019-12-25T11:14:24.875] [INFO] myApp - PASS Enter 4 in first Name
[2019-12-25T11:14:24.940] [INFO] myApp - INFO Element Found
[2019-12-25T11:14:25.030] [INFO] myApp - PASS Enter 5 in last Name
[2019-12-25T11:14:25.131] [INFO] myApp - INFO Element Found
[2019-12-25T11:14:25.607] [INFO] myApp - PASS Click on Add  button
[2019-12-25T11:14:27.564] [INFO] myApp - INFO Element Found
[2019-12-25T11:14:27.634] [INFO] myApp - PASS Enter 4 in first Name
[2019-12-25T11:14:27.675] [INFO] myApp - INFO Element Found
[2019-12-25T11:14:27.751] [INFO] myApp - PASS Enter 5 in last Name
[2019-12-25T11:14:27.802] [INFO] myApp - INFO Element Found
[2019-12-25T11:14:27.966] [INFO] myApp - PASS Click on Add  button
[2019-12-25T11:14:29.944] [INFO] myApp - INFO Element Found
[2019-12-25T11:14:30.038] [INFO] myApp - PASS Enter 4 in first Name
[2019-12-25T11:14:30.093] [INFO] myApp - INFO Element Found
[2019-12-25T11:14:30.195] [INFO] myApp - PASS Enter 5 in last Name
[2019-12-25T11:14:30.491] [INFO] myApp - INFO Element Found
[2019-12-25T11:14:30.701] [INFO] myApp - PASS Click on Subtract  button
[2019-12-25T11:14:32.667] [INFO] myApp - INFO Element Found
[2019-12-25T11:14:32.746] [INFO] myApp - PASS Enter 4 in first Name
[2019-12-25T11:14:32.798] [INFO] myApp - INFO Element Found
[2019-12-25T11:14:32.886] [INFO] myApp - PASS Enter 5 in last Name
[2019-12-25T11:14:33.031] [INFO] myApp - INFO Element Found
[2019-12-25T11:14:33.186] [INFO] myApp - PASS Click on Subtract  button
[2019-12-25T11:15:17.501] [INFO] myApp - INFO Element Found
[2019-12-25T11:15:17.679] [INFO] myApp - PASS Enter 4 in first Name
[2019-12-25T11:15:17.905] [INFO] myApp - INFO Element Found
[2019-12-25T11:15:18.108] [INFO] myApp - PASS Enter 5 in last Name
[2019-12-25T11:15:18.167] [INFO] myApp - INFO Element Found
[2019-12-25T11:15:18.698] [INFO] myApp - PASS Click on Add  button
[2019-12-25T11:15:20.579] [INFO] myApp - INFO Element Found
[2019-12-25T11:15:20.642] [INFO] myApp - PASS Enter 4 in first Name
[2019-12-25T11:15:20.681] [INFO] myApp - INFO Element Found
[2019-12-25T11:15:20.751] [INFO] myApp - PASS Enter 5 in last Name
[2019-12-25T11:15:20.854] [INFO] myApp - INFO Element Found
[2019-12-25T11:15:20.971] [INFO] myApp - PASS Click on Add  button
[2019-12-25T11:15:22.836] [INFO] myApp - INFO Element Found
[2019-12-25T11:15:22.943] [INFO] myApp - PASS Enter 4 in first Name
[2019-12-25T11:15:22.992] [INFO] myApp - INFO Element Found
[2019-12-25T11:15:23.134] [INFO] myApp - PASS Enter 5 in last Name
[2019-12-25T11:15:23.564] [INFO] myApp - INFO Element Found
[2019-12-25T11:15:23.724] [INFO] myApp - PASS Click on Subtract  button
[2019-12-25T11:15:25.700] [INFO] myApp - INFO Element Found
[2019-12-25T11:15:25.768] [INFO] myApp - PASS Enter 4 in first Name
[2019-12-25T11:15:25.839] [INFO] myApp - INFO Element Found
[2019-12-25T11:15:25.953] [INFO] myApp - PASS Enter 5 in last Name
[2019-12-25T11:15:26.101] [INFO] myApp - INFO Element Found
[2019-12-25T11:15:26.218] [INFO] myApp - PASS Click on Subtract  button
[2019-12-25T11:17:35.387] [INFO] myApp - INFO Element Found
[2019-12-25T11:17:35.641] [INFO] myApp - PASS Enter 4 in first Name
[2019-12-25T11:17:35.771] [INFO] myApp - INFO Element Found
[2019-12-25T11:17:35.848] [INFO] myApp - PASS Enter 5 in last Name
[2019-12-25T11:17:35.901] [INFO] myApp - INFO Element Found
[2019-12-25T11:17:36.783] [INFO] myApp - PASS Click on Add  button
[2019-12-25T11:17:38.607] [INFO] myApp - INFO Element Found
[2019-12-25T11:17:38.782] [INFO] myApp - PASS Enter 4 in first Name
[2019-12-25T11:17:38.831] [INFO] myApp - INFO Element Found
[2019-12-25T11:17:39.015] [INFO] myApp - PASS Enter 5 in last Name
[2019-12-25T11:17:39.322] [INFO] myApp - INFO Element Found
[2019-12-25T11:17:39.404] [INFO] myApp - PASS Click on Add  button
[2019-12-25T11:17:41.270] [INFO] myApp - INFO Element Found
[2019-12-25T11:17:41.355] [INFO] myApp - PASS Enter 4 in first Name
[2019-12-25T11:17:41.417] [INFO] myApp - INFO Element Found
[2019-12-25T11:17:41.517] [INFO] myApp - PASS Enter 5 in last Name
[2019-12-25T11:17:41.756] [INFO] myApp - INFO Element Found
[2019-12-25T11:17:41.875] [INFO] myApp - PASS Click on Subtract  button
[2019-12-25T11:17:43.822] [INFO] myApp - INFO Element Found
[2019-12-25T11:17:43.910] [INFO] myApp - PASS Enter 4 in first Name
[2019-12-25T11:17:43.963] [INFO] myApp - INFO Element Found
[2019-12-25T11:17:44.069] [INFO] myApp - PASS Enter 5 in last Name
[2019-12-25T11:17:44.667] [INFO] myApp - INFO Element Found
[2019-12-25T11:17:44.932] [INFO] myApp - PASS Click on Subtract  button
[2019-12-25T11:18:47.949] [INFO] myApp - INFO Element Found
[2019-12-25T11:18:48.169] [INFO] myApp - PASS Enter 4 in first Name
[2019-12-25T11:18:48.233] [INFO] myApp - INFO Element Found
[2019-12-25T11:18:48.473] [INFO] myApp - PASS Enter 5 in last Name
[2019-12-25T11:18:48.688] [INFO] myApp - INFO Element Found
[2019-12-25T11:18:49.708] [INFO] myApp - PASS Click on Add  button
[2019-12-25T11:18:51.631] [INFO] myApp - INFO Element Found
[2019-12-25T11:18:51.701] [INFO] myApp - PASS Enter 4 in first Name
[2019-12-25T11:18:51.819] [INFO] myApp - INFO Element Found
[2019-12-25T11:18:51.951] [INFO] myApp - PASS Enter 5 in last Name
[2019-12-25T11:18:52.000] [INFO] myApp - INFO Element Found
[2019-12-25T11:18:52.242] [INFO] myApp - PASS Click on Add  button
[2019-12-25T11:18:54.236] [INFO] myApp - INFO Element Found
[2019-12-25T11:18:54.359] [INFO] myApp - PASS Enter 4 in first Name
[2019-12-25T11:18:54.402] [INFO] myApp - INFO Element Found
[2019-12-25T11:18:54.480] [INFO] myApp - PASS Enter 5 in last Name
[2019-12-25T11:18:54.920] [INFO] myApp - INFO Element Found
[2019-12-25T11:18:55.163] [INFO] myApp - PASS Click on Subtract  button
[2019-12-25T11:18:57.055] [INFO] myApp - INFO Element Found
[2019-12-25T11:18:57.247] [INFO] myApp - PASS Enter 4 in first Name
[2019-12-25T11:18:57.301] [INFO] myApp - INFO Element Found
[2019-12-25T11:18:57.397] [INFO] myApp - PASS Enter 5 in last Name
[2019-12-25T11:18:57.580] [INFO] myApp - INFO Element Found
[2019-12-25T11:18:57.685] [INFO] myApp - PASS Click on Subtract  button
